[debug] [2023-08-26T22:40:14.784Z] ----------------------------------------------------------------------
[debug] [2023-08-26T22:40:14.785Z] Command:       /usr/local/bin/node /usr/local/bin/firebase deploy --only functions
[debug] [2023-08-26T22:40:14.785Z] CLI Version:   12.5.2
[debug] [2023-08-26T22:40:14.785Z] Platform:      darwin
[debug] [2023-08-26T22:40:14.785Z] Node Version:  v18.16.0
[debug] [2023-08-26T22:40:14.786Z] Time:          Sat Aug 26 2023 18:40:14 GMT-0400 (Eastern Daylight Time)
[debug] [2023-08-26T22:40:14.786Z] ----------------------------------------------------------------------
[debug] 
[debug] [2023-08-26T22:40:14.816Z] > command requires scopes: ["email","openid","https://www.googleapis.com/auth/cloudplatformprojects.readonly","https://www.googleapis.com/auth/firebase","https://www.googleapis.com/auth/cloud-platform"]
[debug] [2023-08-26T22:40:14.816Z] > authorizing via signed-in user (mobinakhter18@gmail.com)
[debug] [2023-08-26T22:40:14.816Z] [iam] checking project fir-auth-b5f8a for permissions ["cloudfunctions.functions.create","cloudfunctions.functions.delete","cloudfunctions.functions.get","cloudfunctions.functions.list","cloudfunctions.functions.update","cloudfunctions.operations.get","firebase.projects.get"]
[debug] [2023-08-26T22:40:14.817Z] >>> [apiv2][query] POST https://cloudresourcemanager.googleapis.com/v1/projects/fir-auth-b5f8a:testIamPermissions [none]
[debug] [2023-08-26T22:40:14.817Z] >>> [apiv2][(partial)header] POST https://cloudresourcemanager.googleapis.com/v1/projects/fir-auth-b5f8a:testIamPermissions x-goog-quota-user=projects/fir-auth-b5f8a
[debug] [2023-08-26T22:40:14.817Z] >>> [apiv2][body] POST https://cloudresourcemanager.googleapis.com/v1/projects/fir-auth-b5f8a:testIamPermissions {"permissions":["cloudfunctions.functions.create","cloudfunctions.functions.delete","cloudfunctions.functions.get","cloudfunctions.functions.list","cloudfunctions.functions.update","cloudfunctions.operations.get","firebase.projects.get"]}
[debug] [2023-08-26T22:40:15.104Z] <<< [apiv2][status] POST https://cloudresourcemanager.googleapis.com/v1/projects/fir-auth-b5f8a:testIamPermissions 200
[debug] [2023-08-26T22:40:15.104Z] <<< [apiv2][body] POST https://cloudresourcemanager.googleapis.com/v1/projects/fir-auth-b5f8a:testIamPermissions {"permissions":["cloudfunctions.functions.create","cloudfunctions.functions.delete","cloudfunctions.functions.get","cloudfunctions.functions.list","cloudfunctions.functions.update","cloudfunctions.operations.get","firebase.projects.get"]}
[debug] [2023-08-26T22:40:15.105Z] >>> [apiv2][query] POST https://iam.googleapis.com/v1/projects/fir-auth-b5f8a/serviceAccounts/fir-auth-b5f8a@appspot.gserviceaccount.com:testIamPermissions [none]
[debug] [2023-08-26T22:40:15.105Z] >>> [apiv2][body] POST https://iam.googleapis.com/v1/projects/fir-auth-b5f8a/serviceAccounts/fir-auth-b5f8a@appspot.gserviceaccount.com:testIamPermissions {"permissions":["iam.serviceAccounts.actAs"]}
[debug] [2023-08-26T22:40:15.348Z] <<< [apiv2][status] POST https://iam.googleapis.com/v1/projects/fir-auth-b5f8a/serviceAccounts/fir-auth-b5f8a@appspot.gserviceaccount.com:testIamPermissions 200
[debug] [2023-08-26T22:40:15.349Z] <<< [apiv2][body] POST https://iam.googleapis.com/v1/projects/fir-auth-b5f8a/serviceAccounts/fir-auth-b5f8a@appspot.gserviceaccount.com:testIamPermissions {"permissions":["iam.serviceAccounts.actAs"]}
[info] 
[info] === Deploying to 'fir-auth-b5f8a'...
[info] 
[info] i  deploying functions 
[info] Running command: npm --prefix "$RESOURCE_DIR" run lint
[info] ✔  functions: Finished running predeploy script. 
[debug] [2023-08-26T22:40:15.941Z] >>> [apiv2][query] GET https://firebase.googleapis.com/v1beta1/projects/fir-auth-b5f8a [none]
[debug] [2023-08-26T22:40:16.449Z] <<< [apiv2][status] GET https://firebase.googleapis.com/v1beta1/projects/fir-auth-b5f8a 200
[debug] [2023-08-26T22:40:16.449Z] <<< [apiv2][body] GET https://firebase.googleapis.com/v1beta1/projects/fir-auth-b5f8a {"projectId":"fir-auth-b5f8a","projectNumber":"1023645176130","displayName":"Firebase-auth","name":"projects/fir-auth-b5f8a","resources":{"hostingSite":"fir-auth-b5f8a"},"state":"ACTIVE","etag":"1_ab0942c7-500e-4437-b50e-f8f430115237"}
[info] i  functions: preparing codebase default for deployment 
[info] i  functions: ensuring required API cloudfunctions.googleapis.com is enabled... 
[info] i  functions: ensuring required API cloudbuild.googleapis.com is enabled... 
[info] i  artifactregistry: ensuring required API artifactregistry.googleapis.com is enabled... 
[debug] [2023-08-26T22:40:16.452Z] >>> [apiv2][query] GET https://serviceusage.googleapis.com/v1/projects/fir-auth-b5f8a/services/cloudfunctions.googleapis.com [none]
[debug] [2023-08-26T22:40:16.452Z] >>> [apiv2][(partial)header] GET https://serviceusage.googleapis.com/v1/projects/fir-auth-b5f8a/services/cloudfunctions.googleapis.com x-goog-quota-user=projects/fir-auth-b5f8a
[debug] [2023-08-26T22:40:16.454Z] >>> [apiv2][query] GET https://serviceusage.googleapis.com/v1/projects/fir-auth-b5f8a/services/runtimeconfig.googleapis.com [none]
[debug] [2023-08-26T22:40:16.454Z] >>> [apiv2][(partial)header] GET https://serviceusage.googleapis.com/v1/projects/fir-auth-b5f8a/services/runtimeconfig.googleapis.com x-goog-quota-user=projects/fir-auth-b5f8a
[debug] [2023-08-26T22:40:16.455Z] >>> [apiv2][query] GET https://serviceusage.googleapis.com/v1/projects/fir-auth-b5f8a/services/cloudbuild.googleapis.com [none]
[debug] [2023-08-26T22:40:16.455Z] >>> [apiv2][(partial)header] GET https://serviceusage.googleapis.com/v1/projects/fir-auth-b5f8a/services/cloudbuild.googleapis.com x-goog-quota-user=projects/fir-auth-b5f8a
[debug] [2023-08-26T22:40:16.456Z] >>> [apiv2][query] GET https://serviceusage.googleapis.com/v1/projects/fir-auth-b5f8a/services/artifactregistry.googleapis.com [none]
[debug] [2023-08-26T22:40:16.456Z] >>> [apiv2][(partial)header] GET https://serviceusage.googleapis.com/v1/projects/fir-auth-b5f8a/services/artifactregistry.googleapis.com x-goog-quota-user=projects/fir-auth-b5f8a
[debug] [2023-08-26T22:40:16.888Z] <<< [apiv2][status] GET https://serviceusage.googleapis.com/v1/projects/fir-auth-b5f8a/services/runtimeconfig.googleapis.com 200
[debug] [2023-08-26T22:40:16.889Z] <<< [apiv2][body] GET https://serviceusage.googleapis.com/v1/projects/fir-auth-b5f8a/services/runtimeconfig.googleapis.com [omitted]
[debug] [2023-08-26T22:40:16.890Z] <<< [apiv2][status] GET https://serviceusage.googleapis.com/v1/projects/fir-auth-b5f8a/services/artifactregistry.googleapis.com 200
[debug] [2023-08-26T22:40:16.890Z] <<< [apiv2][body] GET https://serviceusage.googleapis.com/v1/projects/fir-auth-b5f8a/services/artifactregistry.googleapis.com [omitted]
[info] ✔  artifactregistry: required API artifactregistry.googleapis.com is enabled 
[debug] [2023-08-26T22:40:16.891Z] <<< [apiv2][status] GET https://serviceusage.googleapis.com/v1/projects/fir-auth-b5f8a/services/cloudfunctions.googleapis.com 200
[debug] [2023-08-26T22:40:16.891Z] <<< [apiv2][body] GET https://serviceusage.googleapis.com/v1/projects/fir-auth-b5f8a/services/cloudfunctions.googleapis.com [omitted]
[info] ✔  functions: required API cloudfunctions.googleapis.com is enabled 
[debug] [2023-08-26T22:40:16.892Z] <<< [apiv2][status] GET https://serviceusage.googleapis.com/v1/projects/fir-auth-b5f8a/services/cloudbuild.googleapis.com 200
[debug] [2023-08-26T22:40:16.892Z] <<< [apiv2][body] GET https://serviceusage.googleapis.com/v1/projects/fir-auth-b5f8a/services/cloudbuild.googleapis.com [omitted]
[info] ✔  functions: required API cloudbuild.googleapis.com is enabled 
[debug] [2023-08-26T22:40:16.893Z] >>> [apiv2][query] GET https://firebase.googleapis.com/v1beta1/projects/fir-auth-b5f8a/adminSdkConfig [none]
[debug] [2023-08-26T22:40:17.145Z] <<< [apiv2][status] GET https://firebase.googleapis.com/v1beta1/projects/fir-auth-b5f8a/adminSdkConfig 200
[debug] [2023-08-26T22:40:17.146Z] <<< [apiv2][body] GET https://firebase.googleapis.com/v1beta1/projects/fir-auth-b5f8a/adminSdkConfig {"projectId":"fir-auth-b5f8a","storageBucket":"fir-auth-b5f8a.appspot.com"}
[debug] [2023-08-26T22:40:17.147Z] >>> [apiv2][query] GET https://runtimeconfig.googleapis.com/v1beta1/projects/fir-auth-b5f8a/configs [none]
[debug] [2023-08-26T22:40:17.418Z] <<< [apiv2][status] GET https://runtimeconfig.googleapis.com/v1beta1/projects/fir-auth-b5f8a/configs 200
[debug] [2023-08-26T22:40:17.418Z] <<< [apiv2][body] GET https://runtimeconfig.googleapis.com/v1beta1/projects/fir-auth-b5f8a/configs {}
[debug] [2023-08-26T22:40:17.421Z] Validating nodejs source
[debug] [2023-08-26T22:40:17.794Z] > [functions] package.json contents: {
  "name": "functions",
  "description": "Cloud Functions for Firebase",
  "scripts": {
    "lint": "eslint .",
    "serve": "firebase emulators:start --only functions",
    "shell": "firebase functions:shell",
    "start": "npm run shell",
    "deploy": "firebase deploy --only functions",
    "logs": "firebase functions:log"
  },
  "engines": {
    "node": "18"
  },
  "main": "index.js",
  "dependencies": {
    "expo-server-sdk": "^3.7.0",
    "firebase-admin": "^11.8.0",
    "firebase-functions": "^4.3.1"
  },
  "devDependencies": {
    "eslint": "^8.15.0",
    "eslint-config-google": "^0.14.0",
    "firebase-functions-test": "^3.1.0"
  },
  "private": true
}
[debug] [2023-08-26T22:40:17.794Z] Building nodejs source
[info] i  functions: Loading and analyzing source code for codebase default to determine what to deploy 
[debug] [2023-08-26T22:40:17.795Z] Could not find functions.yaml. Must use http discovery
[debug] [2023-08-26T22:40:17.800Z] Found firebase-functions binary at '/Users/mobinakhter/Desktop/sem7/functions/node_modules/.bin/firebase-functions'
[info] Serving at port 8348

[debug] [2023-08-26T22:40:18.174Z] Got response from /__/functions.yaml {"endpoints":{"sendPushNotifications":{"platform":"gcfv1","availableMemoryMb":null,"timeoutSeconds":null,"minInstances":null,"maxInstances":null,"ingressSettings":null,"serviceAccountEmail":null,"vpc":null,"scheduleTrigger":{"schedule":"every 1 month","retryConfig":{"retryCount":null,"maxDoublings":null,"maxRetryDuration":null,"maxBackoffDuration":null,"minBackoffDuration":null},"timeZone":null},"labels":{},"entryPoint":"sendPushNotifications"}},"specVersion":"v1alpha1","requiredAPIs":[{"api":"cloudscheduler.googleapis.com","reason":"Needed for scheduled functions."}]}
[info] shutdown requested via /__/quitquitquit

[info] i  functions: preparing functions directory for uploading... 
[info] i  functions: packaged /Users/mobinakhter/Desktop/sem7/functions (73.59 KB) for uploading 
[debug] [2023-08-26T22:40:18.198Z] >>> [apiv2][query] GET https://cloudfunctions.googleapis.com/v1/projects/fir-auth-b5f8a/locations/-/functions [none]
[debug] [2023-08-26T22:40:18.930Z] <<< [apiv2][status] GET https://cloudfunctions.googleapis.com/v1/projects/fir-auth-b5f8a/locations/-/functions 200
[debug] [2023-08-26T22:40:18.931Z] <<< [apiv2][body] GET https://cloudfunctions.googleapis.com/v1/projects/fir-auth-b5f8a/locations/-/functions {"functions":[{"name":"projects/fir-auth-b5f8a/locations/us-central1/functions/sendPushNotifications","eventTrigger":{"eventType":"google.pubsub.topic.publish","resource":"projects/fir-auth-b5f8a/topics/firebase-schedule-sendPushNotifications-us-central1","service":"pubsub.googleapis.com","failurePolicy":{}},"status":"ACTIVE","entryPoint":"sendPushNotifications","timeout":"60s","availableMemoryMb":256,"serviceAccountEmail":"fir-auth-b5f8a@appspot.gserviceaccount.com","updateTime":"2023-08-26T21:29:42.311Z","versionId":"1","labels":{"deployment-tool":"cli-firebase","deployment-scheduled":"true","firebase-functions-hash":"38e42afe322948730ffabc1e7b1e2bf1f8661401"},"sourceUploadUrl":"https://storage.googleapis.com/uploads-460983195433.us-central1.cloudfunctions.appspot.com/089c6e9f-b332-41fd-9396-c047ccbb90e9.zip","environmentVariables":{"FIREBASE_CONFIG":"{\"projectId\":\"fir-auth-b5f8a\",\"storageBucket\":\"fir-auth-b5f8a.appspot.com\"}","GCLOUD_PROJECT":"fir-auth-b5f8a","EVENTARC_CLOUD_EVENT_SOURCE":"projects/fir-auth-b5f8a/locations/us-central1/functions/sendPushNotifications"},"runtime":"nodejs18","maxInstances":3000,"ingressSettings":"ALLOW_ALL","buildId":"d743c990-4a79-433f-9186-0fe880391eaf","buildEnvironmentVariables":{"GOOGLE_NODE_RUN_SCRIPTS":""},"buildName":"projects/1023645176130/locations/us-central1/builds/d743c990-4a79-433f-9186-0fe880391eaf","dockerRegistry":"ARTIFACT_REGISTRY"}]}
[debug] [2023-08-26T22:40:18.933Z] >>> [apiv2][query] GET https://cloudfunctions.googleapis.com/v2/projects/fir-auth-b5f8a/locations/-/functions filter=environment%3D%22GEN_2%22
[debug] [2023-08-26T22:40:19.480Z] <<< [apiv2][status] GET https://cloudfunctions.googleapis.com/v2/projects/fir-auth-b5f8a/locations/-/functions 200
[debug] [2023-08-26T22:40:19.480Z] <<< [apiv2][body] GET https://cloudfunctions.googleapis.com/v2/projects/fir-auth-b5f8a/locations/-/functions {}
[info] i  functions: ensuring required API cloudscheduler.googleapis.com is enabled... 
[debug] [2023-08-26T22:40:19.484Z] >>> [apiv2][query] GET https://serviceusage.googleapis.com/v1/projects/fir-auth-b5f8a/services/cloudscheduler.googleapis.com [none]
[debug] [2023-08-26T22:40:19.484Z] >>> [apiv2][(partial)header] GET https://serviceusage.googleapis.com/v1/projects/fir-auth-b5f8a/services/cloudscheduler.googleapis.com x-goog-quota-user=projects/fir-auth-b5f8a
[debug] [2023-08-26T22:40:19.826Z] <<< [apiv2][status] GET https://serviceusage.googleapis.com/v1/projects/fir-auth-b5f8a/services/cloudscheduler.googleapis.com 200
[debug] [2023-08-26T22:40:19.827Z] <<< [apiv2][body] GET https://serviceusage.googleapis.com/v1/projects/fir-auth-b5f8a/services/cloudscheduler.googleapis.com [omitted]
[info] ✔  functions: required API cloudscheduler.googleapis.com is enabled 
[debug] [2023-08-26T22:40:19.830Z] >>> [apiv2][query] GET https://firebase.googleapis.com/v1beta1/projects/fir-auth-b5f8a [none]
[debug] [2023-08-26T22:40:20.112Z] <<< [apiv2][status] GET https://firebase.googleapis.com/v1beta1/projects/fir-auth-b5f8a 200
[debug] [2023-08-26T22:40:20.112Z] <<< [apiv2][body] GET https://firebase.googleapis.com/v1beta1/projects/fir-auth-b5f8a {"projectId":"fir-auth-b5f8a","projectNumber":"1023645176130","displayName":"Firebase-auth","name":"projects/fir-auth-b5f8a","resources":{"hostingSite":"fir-auth-b5f8a"},"state":"ACTIVE","etag":"1_ab0942c7-500e-4437-b50e-f8f430115237"}
[debug] [2023-08-26T22:40:20.115Z] >>> [apiv2][query] POST https://cloudfunctions.googleapis.com/v1/projects/fir-auth-b5f8a/locations/us-central1/functions:generateUploadUrl [none]
[debug] [2023-08-26T22:40:20.115Z] >>> [apiv2][body] POST https://cloudfunctions.googleapis.com/v1/projects/fir-auth-b5f8a/locations/us-central1/functions:generateUploadUrl {}
[debug] [2023-08-26T22:40:20.671Z] <<< [apiv2][status] POST https://cloudfunctions.googleapis.com/v1/projects/fir-auth-b5f8a/locations/us-central1/functions:generateUploadUrl 200
[debug] [2023-08-26T22:40:20.672Z] <<< [apiv2][body] POST https://cloudfunctions.googleapis.com/v1/projects/fir-auth-b5f8a/locations/us-central1/functions:generateUploadUrl {"uploadUrl":"https://storage.googleapis.com/uploads-460983195433.us-central1.cloudfunctions.appspot.com/1045da69-a9f2-42b0-a729-7b7631c0a85b.zip?GoogleAccessId=service-1023645176130@gcf-admin-robot.iam.gserviceaccount.com&Expires=1693091420&Signature=4lT2JHUakyzLE12PwQyVfpGrCqYi11qonj%2BZjmgI58pWoukzLYLJC0vLPp1rIE9E2apCr1sRX99gitSQWwBawJbFhYm8JbR0W6DNLLNzir8eP3O45lfJh5khC2xZsahfvttSU22YCIBCldehUaLFd4eJ3mWq2earOSzs13SraRv%2Fnchk5CNAgQU487Q55Q76TsXPjptByW%2FsVgTX%2BF74yAcGW01WprmyxpCiCWmfnlVuhpKUg91%2BasWt9xVXt04Y7R6dtW4KhLjetKrIXSg%2FSPjVFMF8bjnpAIXGcN3suYJx8Af60basmWaagnHcbHROUyx8o8j3juhB%2BzarK42AgQ%3D%3D"}
[debug] [2023-08-26T22:40:20.673Z] >>> [apiv2][query] PUT https://storage.googleapis.com/uploads-460983195433.us-central1.cloudfunctions.appspot.com/1045da69-a9f2-42b0-a729-7b7631c0a85b.zip GoogleAccessId=service-1023645176130%40gcf-admin-robot.iam.gserviceaccount.com&Expires=1693091420&Signature=4lT2JHUakyzLE12PwQyVfpGrCqYi11qonj%2BZjmgI58pWoukzLYLJC0vLPp1rIE9E2apCr1sRX99gitSQWwBawJbFhYm8JbR0W6DNLLNzir8eP3O45lfJh5khC2xZsahfvttSU22YCIBCldehUaLFd4eJ3mWq2earOSzs13SraRv%2Fnchk5CNAgQU487Q55Q76TsXPjptByW%2FsVgTX%2BF74yAcGW01WprmyxpCiCWmfnlVuhpKUg91%2BasWt9xVXt04Y7R6dtW4KhLjetKrIXSg%2FSPjVFMF8bjnpAIXGcN3suYJx8Af60basmWaagnHcbHROUyx8o8j3juhB%2BzarK42AgQ%3D%3D
[debug] [2023-08-26T22:40:20.674Z] >>> [apiv2][body] PUT https://storage.googleapis.com/uploads-460983195433.us-central1.cloudfunctions.appspot.com/1045da69-a9f2-42b0-a729-7b7631c0a85b.zip [stream]
[debug] [2023-08-26T22:40:20.956Z] <<< [apiv2][status] PUT https://storage.googleapis.com/uploads-460983195433.us-central1.cloudfunctions.appspot.com/1045da69-a9f2-42b0-a729-7b7631c0a85b.zip 200
[debug] [2023-08-26T22:40:20.956Z] <<< [apiv2][body] PUT https://storage.googleapis.com/uploads-460983195433.us-central1.cloudfunctions.appspot.com/1045da69-a9f2-42b0-a729-7b7631c0a85b.zip [omitted]
[info] ✔  functions: functions folder uploaded successfully 
[info] i  functions: updating Node.js 18 (1st Gen) function sendPushNotifications(us-central1)... 
[debug] [2023-08-26T22:40:20.962Z] >>> [apiv2][query] PATCH https://cloudfunctions.googleapis.com/v1/projects/fir-auth-b5f8a/locations/us-central1/functions/sendPushNotifications updateMask=name%2CsourceUploadUrl%2CentryPoint%2Cruntime%2CdockerRegistry%2Clabels%2CeventTrigger.eventType%2CeventTrigger.resource%2CminInstances%2CmaxInstances%2CingressSettings%2CenvironmentVariables%2CserviceAccountEmail%2CavailableMemoryMb%2Ctimeout%2CvpcConnector%2CvpcConnectorEgressSettings%2CsourceToken%2CbuildEnvironmentVariables
[debug] [2023-08-26T22:40:20.962Z] >>> [apiv2][body] PATCH https://cloudfunctions.googleapis.com/v1/projects/fir-auth-b5f8a/locations/us-central1/functions/sendPushNotifications {"name":"projects/fir-auth-b5f8a/locations/us-central1/functions/sendPushNotifications","sourceUploadUrl":"https://storage.googleapis.com/uploads-460983195433.us-central1.cloudfunctions.appspot.com/1045da69-a9f2-42b0-a729-7b7631c0a85b.zip?GoogleAccessId=service-1023645176130@gcf-admin-robot.iam.gserviceaccount.com&Expires=1693091420&Signature=4lT2JHUakyzLE12PwQyVfpGrCqYi11qonj%2BZjmgI58pWoukzLYLJC0vLPp1rIE9E2apCr1sRX99gitSQWwBawJbFhYm8JbR0W6DNLLNzir8eP3O45lfJh5khC2xZsahfvttSU22YCIBCldehUaLFd4eJ3mWq2earOSzs13SraRv%2Fnchk5CNAgQU487Q55Q76TsXPjptByW%2FsVgTX%2BF74yAcGW01WprmyxpCiCWmfnlVuhpKUg91%2BasWt9xVXt04Y7R6dtW4KhLjetKrIXSg%2FSPjVFMF8bjnpAIXGcN3suYJx8Af60basmWaagnHcbHROUyx8o8j3juhB%2BzarK42AgQ%3D%3D","entryPoint":"sendPushNotifications","runtime":"nodejs18","dockerRegistry":"ARTIFACT_REGISTRY","labels":{"deployment-tool":"cli-firebase","deployment-scheduled":"true","firebase-functions-hash":"3d4bd8362a581a11b2e35704ba26c4deef72dd6e"},"eventTrigger":{"eventType":"google.pubsub.topic.publish","resource":"projects/fir-auth-b5f8a/topics/firebase-schedule-sendPushNotifications-us-central1"},"minInstances":null,"maxInstances":null,"ingressSettings":null,"environmentVariables":{"FIREBASE_CONFIG":"{\"projectId\":\"fir-auth-b5f8a\",\"storageBucket\":\"fir-auth-b5f8a.appspot.com\"}","GCLOUD_PROJECT":"fir-auth-b5f8a","EVENTARC_CLOUD_EVENT_SOURCE":"projects/fir-auth-b5f8a/locations/us-central1/functions/sendPushNotifications"},"serviceAccountEmail":null,"availableMemoryMb":null,"timeout":null,"vpcConnector":null,"vpcConnectorEgressSettings":null,"buildEnvironmentVariables":{"GOOGLE_NODE_RUN_SCRIPTS":""}}
[debug] [2023-08-26T22:40:21.595Z] <<< [apiv2][status] PATCH https://cloudfunctions.googleapis.com/v1/projects/fir-auth-b5f8a/locations/us-central1/functions/sendPushNotifications 200
[debug] [2023-08-26T22:40:21.595Z] <<< [apiv2][body] PATCH https://cloudfunctions.googleapis.com/v1/projects/fir-auth-b5f8a/locations/us-central1/functions/sendPushNotifications {"name":"operations/ZmlyLWF1dGgtYjVmOGEvdXMtY2VudHJhbDEvc2VuZFB1c2hOb3RpZmljYXRpb25zL0wxTm5EbFVUTEJR","metadata":{"@type":"type.googleapis.com/google.cloud.functions.v1.OperationMetadataV1","target":"projects/fir-auth-b5f8a/locations/us-central1/functions/sendPushNotifications","type":"UPDATE_FUNCTION","request":{"@type":"type.googleapis.com/google.cloud.functions.v1.CloudFunction","name":"projects/fir-auth-b5f8a/locations/us-central1/functions/sendPushNotifications","eventTrigger":{"eventType":"google.pubsub.topic.publish","resource":"projects/fir-auth-b5f8a/topics/firebase-schedule-sendPushNotifications-us-central1","service":"pubsub.googleapis.com","failurePolicy":{}},"status":"ACTIVE","entryPoint":"sendPushNotifications","updateTime":"2023-08-26T21:29:42.311Z","versionId":"1","labels":{"deployment-tool":"cli-firebase","deployment-scheduled":"true","firebase-functions-hash":"3d4bd8362a581a11b2e35704ba26c4deef72dd6e"},"sourceUploadUrl":"https://storage.googleapis.com/uploads-460983195433.us-central1.cloudfunctions.appspot.com/1045da69-a9f2-42b0-a729-7b7631c0a85b.zip?GoogleAccessId=service-1023645176130@gcf-admin-robot.iam.gserviceaccount.com&Expires=1693091420&Signature=4lT2JHUakyzLE12PwQyVfpGrCqYi11qonj%2BZjmgI58pWoukzLYLJC0vLPp1rIE9E2apCr1sRX99gitSQWwBawJbFhYm8JbR0W6DNLLNzir8eP3O45lfJh5khC2xZsahfvttSU22YCIBCldehUaLFd4eJ3mWq2earOSzs13SraRv%2Fnchk5CNAgQU487Q55Q76TsXPjptByW%2FsVgTX%2BF74yAcGW01WprmyxpCiCWmfnlVuhpKUg91%2BasWt9xVXt04Y7R6dtW4KhLjetKrIXSg%2FSPjVFMF8bjnpAIXGcN3suYJx8Af60basmWaagnHcbHROUyx8o8j3juhB%2BzarK42AgQ%3D%3D","environmentVariables":{"FIREBASE_CONFIG":"{\"projectId\":\"fir-auth-b5f8a\",\"storageBucket\":\"fir-auth-b5f8a.appspot.com\"}","GCLOUD_PROJECT":"fir-auth-b5f8a","EVENTARC_CLOUD_EVENT_SOURCE":"projects/fir-auth-b5f8a/locations/us-central1/functions/sendPushNotifications"},"runtime":"nodejs18","buildId":"d743c990-4a79-433f-9186-0fe880391eaf","buildEnvironmentVariables":{"GOOGLE_NODE_RUN_SCRIPTS":""},"buildName":"projects/1023645176130/locations/us-central1/builds/d743c990-4a79-433f-9186-0fe880391eaf","dockerRegistry":"ARTIFACT_REGISTRY"},"versionId":"2","updateTime":"2023-08-26T22:40:21Z"}}
[debug] [2023-08-26T22:40:21.597Z] >>> [apiv2][query] GET https://cloudfunctions.googleapis.com/v1/operations/ZmlyLWF1dGgtYjVmOGEvdXMtY2VudHJhbDEvc2VuZFB1c2hOb3RpZmljYXRpb25zL0wxTm5EbFVUTEJR [none]
[debug] [2023-08-26T22:40:21.825Z] <<< [apiv2][status] GET https://cloudfunctions.googleapis.com/v1/operations/ZmlyLWF1dGgtYjVmOGEvdXMtY2VudHJhbDEvc2VuZFB1c2hOb3RpZmljYXRpb25zL0wxTm5EbFVUTEJR 200
[debug] [2023-08-26T22:40:21.826Z] <<< [apiv2][body] GET https://cloudfunctions.googleapis.com/v1/operations/ZmlyLWF1dGgtYjVmOGEvdXMtY2VudHJhbDEvc2VuZFB1c2hOb3RpZmljYXRpb25zL0wxTm5EbFVUTEJR {"name":"operations/ZmlyLWF1dGgtYjVmOGEvdXMtY2VudHJhbDEvc2VuZFB1c2hOb3RpZmljYXRpb25zL0wxTm5EbFVUTEJR","metadata":{"@type":"type.googleapis.com/google.cloud.functions.v1.OperationMetadataV1","target":"projects/fir-auth-b5f8a/locations/us-central1/functions/sendPushNotifications","type":"UPDATE_FUNCTION","request":{"@type":"type.googleapis.com/google.cloud.functions.v1.CloudFunction","name":"projects/fir-auth-b5f8a/locations/us-central1/functions/sendPushNotifications","eventTrigger":{"eventType":"google.pubsub.topic.publish","resource":"projects/fir-auth-b5f8a/topics/firebase-schedule-sendPushNotifications-us-central1","service":"pubsub.googleapis.com","failurePolicy":{}},"status":"ACTIVE","entryPoint":"sendPushNotifications","updateTime":"2023-08-26T21:29:42.311Z","versionId":"1","labels":{"deployment-tool":"cli-firebase","deployment-scheduled":"true","firebase-functions-hash":"3d4bd8362a581a11b2e35704ba26c4deef72dd6e"},"sourceUploadUrl":"https://storage.googleapis.com/uploads-460983195433.us-central1.cloudfunctions.appspot.com/1045da69-a9f2-42b0-a729-7b7631c0a85b.zip?GoogleAccessId=service-1023645176130@gcf-admin-robot.iam.gserviceaccount.com&Expires=1693091420&Signature=4lT2JHUakyzLE12PwQyVfpGrCqYi11qonj%2BZjmgI58pWoukzLYLJC0vLPp1rIE9E2apCr1sRX99gitSQWwBawJbFhYm8JbR0W6DNLLNzir8eP3O45lfJh5khC2xZsahfvttSU22YCIBCldehUaLFd4eJ3mWq2earOSzs13SraRv%2Fnchk5CNAgQU487Q55Q76TsXPjptByW%2FsVgTX%2BF74yAcGW01WprmyxpCiCWmfnlVuhpKUg91%2BasWt9xVXt04Y7R6dtW4KhLjetKrIXSg%2FSPjVFMF8bjnpAIXGcN3suYJx8Af60basmWaagnHcbHROUyx8o8j3juhB%2BzarK42AgQ%3D%3D","environmentVariables":{"FIREBASE_CONFIG":"{\"projectId\":\"fir-auth-b5f8a\",\"storageBucket\":\"fir-auth-b5f8a.appspot.com\"}","GCLOUD_PROJECT":"fir-auth-b5f8a","EVENTARC_CLOUD_EVENT_SOURCE":"projects/fir-auth-b5f8a/locations/us-central1/functions/sendPushNotifications"},"runtime":"nodejs18","buildId":"d743c990-4a79-433f-9186-0fe880391eaf","buildEnvironmentVariables":{"GOOGLE_NODE_RUN_SCRIPTS":""},"buildName":"projects/1023645176130/locations/us-central1/builds/d743c990-4a79-433f-9186-0fe880391eaf","dockerRegistry":"ARTIFACT_REGISTRY"},"versionId":"2","updateTime":"2023-08-26T22:40:21Z"}}
[debug] [2023-08-26T22:40:22.329Z] [update-default-us-central1-sendPushNotifications] Retrying task index 0
[debug] [2023-08-26T22:40:22.330Z] >>> [apiv2][query] GET https://cloudfunctions.googleapis.com/v1/operations/ZmlyLWF1dGgtYjVmOGEvdXMtY2VudHJhbDEvc2VuZFB1c2hOb3RpZmljYXRpb25zL0wxTm5EbFVUTEJR [none]
[debug] [2023-08-26T22:40:22.539Z] <<< [apiv2][status] GET https://cloudfunctions.googleapis.com/v1/operations/ZmlyLWF1dGgtYjVmOGEvdXMtY2VudHJhbDEvc2VuZFB1c2hOb3RpZmljYXRpb25zL0wxTm5EbFVUTEJR 200
[debug] [2023-08-26T22:40:22.539Z] <<< [apiv2][body] GET https://cloudfunctions.googleapis.com/v1/operations/ZmlyLWF1dGgtYjVmOGEvdXMtY2VudHJhbDEvc2VuZFB1c2hOb3RpZmljYXRpb25zL0wxTm5EbFVUTEJR {"name":"operations/ZmlyLWF1dGgtYjVmOGEvdXMtY2VudHJhbDEvc2VuZFB1c2hOb3RpZmljYXRpb25zL0wxTm5EbFVUTEJR","metadata":{"@type":"type.googleapis.com/google.cloud.functions.v1.OperationMetadataV1","target":"projects/fir-auth-b5f8a/locations/us-central1/functions/sendPushNotifications","type":"UPDATE_FUNCTION","request":{"@type":"type.googleapis.com/google.cloud.functions.v1.CloudFunction","name":"projects/fir-auth-b5f8a/locations/us-central1/functions/sendPushNotifications","eventTrigger":{"eventType":"google.pubsub.topic.publish","resource":"projects/fir-auth-b5f8a/topics/firebase-schedule-sendPushNotifications-us-central1","service":"pubsub.googleapis.com","failurePolicy":{}},"status":"ACTIVE","entryPoint":"sendPushNotifications","updateTime":"2023-08-26T21:29:42.311Z","versionId":"1","labels":{"deployment-tool":"cli-firebase","deployment-scheduled":"true","firebase-functions-hash":"3d4bd8362a581a11b2e35704ba26c4deef72dd6e"},"sourceUploadUrl":"https://storage.googleapis.com/uploads-460983195433.us-central1.cloudfunctions.appspot.com/1045da69-a9f2-42b0-a729-7b7631c0a85b.zip?GoogleAccessId=service-1023645176130@gcf-admin-robot.iam.gserviceaccount.com&Expires=1693091420&Signature=4lT2JHUakyzLE12PwQyVfpGrCqYi11qonj%2BZjmgI58pWoukzLYLJC0vLPp1rIE9E2apCr1sRX99gitSQWwBawJbFhYm8JbR0W6DNLLNzir8eP3O45lfJh5khC2xZsahfvttSU22YCIBCldehUaLFd4eJ3mWq2earOSzs13SraRv%2Fnchk5CNAgQU487Q55Q76TsXPjptByW%2FsVgTX%2BF74yAcGW01WprmyxpCiCWmfnlVuhpKUg91%2BasWt9xVXt04Y7R6dtW4KhLjetKrIXSg%2FSPjVFMF8bjnpAIXGcN3suYJx8Af60basmWaagnHcbHROUyx8o8j3juhB%2BzarK42AgQ%3D%3D","environmentVariables":{"FIREBASE_CONFIG":"{\"projectId\":\"fir-auth-b5f8a\",\"storageBucket\":\"fir-auth-b5f8a.appspot.com\"}","GCLOUD_PROJECT":"fir-auth-b5f8a","EVENTARC_CLOUD_EVENT_SOURCE":"projects/fir-auth-b5f8a/locations/us-central1/functions/sendPushNotifications"},"runtime":"nodejs18","buildId":"d743c990-4a79-433f-9186-0fe880391eaf","buildEnvironmentVariables":{"GOOGLE_NODE_RUN_SCRIPTS":""},"buildName":"projects/1023645176130/locations/us-central1/builds/d743c990-4a79-433f-9186-0fe880391eaf","dockerRegistry":"ARTIFACT_REGISTRY"},"versionId":"2","updateTime":"2023-08-26T22:40:21Z","buildId":"1132cfd0-f2ff-41d1-8bbf-870aaf479958","buildName":"projects/1023645176130/locations/us-central1/builds/1132cfd0-f2ff-41d1-8bbf-870aaf479958"}}
[debug] [2023-08-26T22:40:23.541Z] [update-default-us-central1-sendPushNotifications] Retrying task index 0
[debug] [2023-08-26T22:40:23.543Z] >>> [apiv2][query] GET https://cloudfunctions.googleapis.com/v1/operations/ZmlyLWF1dGgtYjVmOGEvdXMtY2VudHJhbDEvc2VuZFB1c2hOb3RpZmljYXRpb25zL0wxTm5EbFVUTEJR [none]
[debug] [2023-08-26T22:40:23.836Z] <<< [apiv2][status] GET https://cloudfunctions.googleapis.com/v1/operations/ZmlyLWF1dGgtYjVmOGEvdXMtY2VudHJhbDEvc2VuZFB1c2hOb3RpZmljYXRpb25zL0wxTm5EbFVUTEJR 200
[debug] [2023-08-26T22:40:23.837Z] <<< [apiv2][body] GET https://cloudfunctions.googleapis.com/v1/operations/ZmlyLWF1dGgtYjVmOGEvdXMtY2VudHJhbDEvc2VuZFB1c2hOb3RpZmljYXRpb25zL0wxTm5EbFVUTEJR {"name":"operations/ZmlyLWF1dGgtYjVmOGEvdXMtY2VudHJhbDEvc2VuZFB1c2hOb3RpZmljYXRpb25zL0wxTm5EbFVUTEJR","metadata":{"@type":"type.googleapis.com/google.cloud.functions.v1.OperationMetadataV1","target":"projects/fir-auth-b5f8a/locations/us-central1/functions/sendPushNotifications","type":"UPDATE_FUNCTION","request":{"@type":"type.googleapis.com/google.cloud.functions.v1.CloudFunction","name":"projects/fir-auth-b5f8a/locations/us-central1/functions/sendPushNotifications","eventTrigger":{"eventType":"google.pubsub.topic.publish","resource":"projects/fir-auth-b5f8a/topics/firebase-schedule-sendPushNotifications-us-central1","service":"pubsub.googleapis.com","failurePolicy":{}},"status":"ACTIVE","entryPoint":"sendPushNotifications","updateTime":"2023-08-26T21:29:42.311Z","versionId":"1","labels":{"deployment-tool":"cli-firebase","deployment-scheduled":"true","firebase-functions-hash":"3d4bd8362a581a11b2e35704ba26c4deef72dd6e"},"sourceUploadUrl":"https://storage.googleapis.com/uploads-460983195433.us-central1.cloudfunctions.appspot.com/1045da69-a9f2-42b0-a729-7b7631c0a85b.zip?GoogleAccessId=service-1023645176130@gcf-admin-robot.iam.gserviceaccount.com&Expires=1693091420&Signature=4lT2JHUakyzLE12PwQyVfpGrCqYi11qonj%2BZjmgI58pWoukzLYLJC0vLPp1rIE9E2apCr1sRX99gitSQWwBawJbFhYm8JbR0W6DNLLNzir8eP3O45lfJh5khC2xZsahfvttSU22YCIBCldehUaLFd4eJ3mWq2earOSzs13SraRv%2Fnchk5CNAgQU487Q55Q76TsXPjptByW%2FsVgTX%2BF74yAcGW01WprmyxpCiCWmfnlVuhpKUg91%2BasWt9xVXt04Y7R6dtW4KhLjetKrIXSg%2FSPjVFMF8bjnpAIXGcN3suYJx8Af60basmWaagnHcbHROUyx8o8j3juhB%2BzarK42AgQ%3D%3D","environmentVariables":{"FIREBASE_CONFIG":"{\"projectId\":\"fir-auth-b5f8a\",\"storageBucket\":\"fir-auth-b5f8a.appspot.com\"}","GCLOUD_PROJECT":"fir-auth-b5f8a","EVENTARC_CLOUD_EVENT_SOURCE":"projects/fir-auth-b5f8a/locations/us-central1/functions/sendPushNotifications"},"runtime":"nodejs18","buildId":"d743c990-4a79-433f-9186-0fe880391eaf","buildEnvironmentVariables":{"GOOGLE_NODE_RUN_SCRIPTS":""},"buildName":"projects/1023645176130/locations/us-central1/builds/d743c990-4a79-433f-9186-0fe880391eaf","dockerRegistry":"ARTIFACT_REGISTRY"},"versionId":"2","updateTime":"2023-08-26T22:40:21Z","buildId":"1132cfd0-f2ff-41d1-8bbf-870aaf479958","buildName":"projects/1023645176130/locations/us-central1/builds/1132cfd0-f2ff-41d1-8bbf-870aaf479958"}}
[debug] [2023-08-26T22:40:25.838Z] [update-default-us-central1-sendPushNotifications] Retrying task index 0
[debug] [2023-08-26T22:40:25.840Z] >>> [apiv2][query] GET https://cloudfunctions.googleapis.com/v1/operations/ZmlyLWF1dGgtYjVmOGEvdXMtY2VudHJhbDEvc2VuZFB1c2hOb3RpZmljYXRpb25zL0wxTm5EbFVUTEJR [none]
[debug] [2023-08-26T22:40:26.064Z] <<< [apiv2][status] GET https://cloudfunctions.googleapis.com/v1/operations/ZmlyLWF1dGgtYjVmOGEvdXMtY2VudHJhbDEvc2VuZFB1c2hOb3RpZmljYXRpb25zL0wxTm5EbFVUTEJR 200
[debug] [2023-08-26T22:40:26.065Z] <<< [apiv2][body] GET https://cloudfunctions.googleapis.com/v1/operations/ZmlyLWF1dGgtYjVmOGEvdXMtY2VudHJhbDEvc2VuZFB1c2hOb3RpZmljYXRpb25zL0wxTm5EbFVUTEJR {"name":"operations/ZmlyLWF1dGgtYjVmOGEvdXMtY2VudHJhbDEvc2VuZFB1c2hOb3RpZmljYXRpb25zL0wxTm5EbFVUTEJR","metadata":{"@type":"type.googleapis.com/google.cloud.functions.v1.OperationMetadataV1","target":"projects/fir-auth-b5f8a/locations/us-central1/functions/sendPushNotifications","type":"UPDATE_FUNCTION","request":{"@type":"type.googleapis.com/google.cloud.functions.v1.CloudFunction","name":"projects/fir-auth-b5f8a/locations/us-central1/functions/sendPushNotifications","eventTrigger":{"eventType":"google.pubsub.topic.publish","resource":"projects/fir-auth-b5f8a/topics/firebase-schedule-sendPushNotifications-us-central1","service":"pubsub.googleapis.com","failurePolicy":{}},"status":"ACTIVE","entryPoint":"sendPushNotifications","updateTime":"2023-08-26T21:29:42.311Z","versionId":"1","labels":{"deployment-tool":"cli-firebase","deployment-scheduled":"true","firebase-functions-hash":"3d4bd8362a581a11b2e35704ba26c4deef72dd6e"},"sourceUploadUrl":"https://storage.googleapis.com/uploads-460983195433.us-central1.cloudfunctions.appspot.com/1045da69-a9f2-42b0-a729-7b7631c0a85b.zip?GoogleAccessId=service-1023645176130@gcf-admin-robot.iam.gserviceaccount.com&Expires=1693091420&Signature=4lT2JHUakyzLE12PwQyVfpGrCqYi11qonj%2BZjmgI58pWoukzLYLJC0vLPp1rIE9E2apCr1sRX99gitSQWwBawJbFhYm8JbR0W6DNLLNzir8eP3O45lfJh5khC2xZsahfvttSU22YCIBCldehUaLFd4eJ3mWq2earOSzs13SraRv%2Fnchk5CNAgQU487Q55Q76TsXPjptByW%2FsVgTX%2BF74yAcGW01WprmyxpCiCWmfnlVuhpKUg91%2BasWt9xVXt04Y7R6dtW4KhLjetKrIXSg%2FSPjVFMF8bjnpAIXGcN3suYJx8Af60basmWaagnHcbHROUyx8o8j3juhB%2BzarK42AgQ%3D%3D","environmentVariables":{"FIREBASE_CONFIG":"{\"projectId\":\"fir-auth-b5f8a\",\"storageBucket\":\"fir-auth-b5f8a.appspot.com\"}","GCLOUD_PROJECT":"fir-auth-b5f8a","EVENTARC_CLOUD_EVENT_SOURCE":"projects/fir-auth-b5f8a/locations/us-central1/functions/sendPushNotifications"},"runtime":"nodejs18","buildId":"d743c990-4a79-433f-9186-0fe880391eaf","buildEnvironmentVariables":{"GOOGLE_NODE_RUN_SCRIPTS":""},"buildName":"projects/1023645176130/locations/us-central1/builds/d743c990-4a79-433f-9186-0fe880391eaf","dockerRegistry":"ARTIFACT_REGISTRY"},"versionId":"2","updateTime":"2023-08-26T22:40:21Z","buildId":"1132cfd0-f2ff-41d1-8bbf-870aaf479958","buildName":"projects/1023645176130/locations/us-central1/builds/1132cfd0-f2ff-41d1-8bbf-870aaf479958"}}
[debug] [2023-08-26T22:40:30.067Z] [update-default-us-central1-sendPushNotifications] Retrying task index 0
[debug] [2023-08-26T22:40:30.068Z] >>> [apiv2][query] GET https://cloudfunctions.googleapis.com/v1/operations/ZmlyLWF1dGgtYjVmOGEvdXMtY2VudHJhbDEvc2VuZFB1c2hOb3RpZmljYXRpb25zL0wxTm5EbFVUTEJR [none]
[debug] [2023-08-26T22:40:30.280Z] <<< [apiv2][status] GET https://cloudfunctions.googleapis.com/v1/operations/ZmlyLWF1dGgtYjVmOGEvdXMtY2VudHJhbDEvc2VuZFB1c2hOb3RpZmljYXRpb25zL0wxTm5EbFVUTEJR 200
[debug] [2023-08-26T22:40:30.280Z] <<< [apiv2][body] GET https://cloudfunctions.googleapis.com/v1/operations/ZmlyLWF1dGgtYjVmOGEvdXMtY2VudHJhbDEvc2VuZFB1c2hOb3RpZmljYXRpb25zL0wxTm5EbFVUTEJR {"name":"operations/ZmlyLWF1dGgtYjVmOGEvdXMtY2VudHJhbDEvc2VuZFB1c2hOb3RpZmljYXRpb25zL0wxTm5EbFVUTEJR","metadata":{"@type":"type.googleapis.com/google.cloud.functions.v1.OperationMetadataV1","target":"projects/fir-auth-b5f8a/locations/us-central1/functions/sendPushNotifications","type":"UPDATE_FUNCTION","request":{"@type":"type.googleapis.com/google.cloud.functions.v1.CloudFunction","name":"projects/fir-auth-b5f8a/locations/us-central1/functions/sendPushNotifications","eventTrigger":{"eventType":"google.pubsub.topic.publish","resource":"projects/fir-auth-b5f8a/topics/firebase-schedule-sendPushNotifications-us-central1","service":"pubsub.googleapis.com","failurePolicy":{}},"status":"ACTIVE","entryPoint":"sendPushNotifications","updateTime":"2023-08-26T21:29:42.311Z","versionId":"1","labels":{"deployment-tool":"cli-firebase","deployment-scheduled":"true","firebase-functions-hash":"3d4bd8362a581a11b2e35704ba26c4deef72dd6e"},"sourceUploadUrl":"https://storage.googleapis.com/uploads-460983195433.us-central1.cloudfunctions.appspot.com/1045da69-a9f2-42b0-a729-7b7631c0a85b.zip?GoogleAccessId=service-1023645176130@gcf-admin-robot.iam.gserviceaccount.com&Expires=1693091420&Signature=4lT2JHUakyzLE12PwQyVfpGrCqYi11qonj%2BZjmgI58pWoukzLYLJC0vLPp1rIE9E2apCr1sRX99gitSQWwBawJbFhYm8JbR0W6DNLLNzir8eP3O45lfJh5khC2xZsahfvttSU22YCIBCldehUaLFd4eJ3mWq2earOSzs13SraRv%2Fnchk5CNAgQU487Q55Q76TsXPjptByW%2FsVgTX%2BF74yAcGW01WprmyxpCiCWmfnlVuhpKUg91%2BasWt9xVXt04Y7R6dtW4KhLjetKrIXSg%2FSPjVFMF8bjnpAIXGcN3suYJx8Af60basmWaagnHcbHROUyx8o8j3juhB%2BzarK42AgQ%3D%3D","environmentVariables":{"FIREBASE_CONFIG":"{\"projectId\":\"fir-auth-b5f8a\",\"storageBucket\":\"fir-auth-b5f8a.appspot.com\"}","GCLOUD_PROJECT":"fir-auth-b5f8a","EVENTARC_CLOUD_EVENT_SOURCE":"projects/fir-auth-b5f8a/locations/us-central1/functions/sendPushNotifications"},"runtime":"nodejs18","buildId":"d743c990-4a79-433f-9186-0fe880391eaf","buildEnvironmentVariables":{"GOOGLE_NODE_RUN_SCRIPTS":""},"buildName":"projects/1023645176130/locations/us-central1/builds/d743c990-4a79-433f-9186-0fe880391eaf","dockerRegistry":"ARTIFACT_REGISTRY"},"versionId":"2","updateTime":"2023-08-26T22:40:21Z","buildId":"1132cfd0-f2ff-41d1-8bbf-870aaf479958","buildName":"projects/1023645176130/locations/us-central1/builds/1132cfd0-f2ff-41d1-8bbf-870aaf479958"}}
[debug] [2023-08-26T22:40:38.281Z] [update-default-us-central1-sendPushNotifications] Retrying task index 0
[debug] [2023-08-26T22:40:38.282Z] >>> [apiv2][query] GET https://cloudfunctions.googleapis.com/v1/operations/ZmlyLWF1dGgtYjVmOGEvdXMtY2VudHJhbDEvc2VuZFB1c2hOb3RpZmljYXRpb25zL0wxTm5EbFVUTEJR [none]
[debug] [2023-08-26T22:40:38.509Z] <<< [apiv2][status] GET https://cloudfunctions.googleapis.com/v1/operations/ZmlyLWF1dGgtYjVmOGEvdXMtY2VudHJhbDEvc2VuZFB1c2hOb3RpZmljYXRpb25zL0wxTm5EbFVUTEJR 200
[debug] [2023-08-26T22:40:38.509Z] <<< [apiv2][body] GET https://cloudfunctions.googleapis.com/v1/operations/ZmlyLWF1dGgtYjVmOGEvdXMtY2VudHJhbDEvc2VuZFB1c2hOb3RpZmljYXRpb25zL0wxTm5EbFVUTEJR {"name":"operations/ZmlyLWF1dGgtYjVmOGEvdXMtY2VudHJhbDEvc2VuZFB1c2hOb3RpZmljYXRpb25zL0wxTm5EbFVUTEJR","metadata":{"@type":"type.googleapis.com/google.cloud.functions.v1.OperationMetadataV1","target":"projects/fir-auth-b5f8a/locations/us-central1/functions/sendPushNotifications","type":"UPDATE_FUNCTION","request":{"@type":"type.googleapis.com/google.cloud.functions.v1.CloudFunction","name":"projects/fir-auth-b5f8a/locations/us-central1/functions/sendPushNotifications","eventTrigger":{"eventType":"google.pubsub.topic.publish","resource":"projects/fir-auth-b5f8a/topics/firebase-schedule-sendPushNotifications-us-central1","service":"pubsub.googleapis.com","failurePolicy":{}},"status":"ACTIVE","entryPoint":"sendPushNotifications","updateTime":"2023-08-26T21:29:42.311Z","versionId":"1","labels":{"deployment-tool":"cli-firebase","deployment-scheduled":"true","firebase-functions-hash":"3d4bd8362a581a11b2e35704ba26c4deef72dd6e"},"sourceUploadUrl":"https://storage.googleapis.com/uploads-460983195433.us-central1.cloudfunctions.appspot.com/1045da69-a9f2-42b0-a729-7b7631c0a85b.zip?GoogleAccessId=service-1023645176130@gcf-admin-robot.iam.gserviceaccount.com&Expires=1693091420&Signature=4lT2JHUakyzLE12PwQyVfpGrCqYi11qonj%2BZjmgI58pWoukzLYLJC0vLPp1rIE9E2apCr1sRX99gitSQWwBawJbFhYm8JbR0W6DNLLNzir8eP3O45lfJh5khC2xZsahfvttSU22YCIBCldehUaLFd4eJ3mWq2earOSzs13SraRv%2Fnchk5CNAgQU487Q55Q76TsXPjptByW%2FsVgTX%2BF74yAcGW01WprmyxpCiCWmfnlVuhpKUg91%2BasWt9xVXt04Y7R6dtW4KhLjetKrIXSg%2FSPjVFMF8bjnpAIXGcN3suYJx8Af60basmWaagnHcbHROUyx8o8j3juhB%2BzarK42AgQ%3D%3D","environmentVariables":{"FIREBASE_CONFIG":"{\"projectId\":\"fir-auth-b5f8a\",\"storageBucket\":\"fir-auth-b5f8a.appspot.com\"}","GCLOUD_PROJECT":"fir-auth-b5f8a","EVENTARC_CLOUD_EVENT_SOURCE":"projects/fir-auth-b5f8a/locations/us-central1/functions/sendPushNotifications"},"runtime":"nodejs18","buildId":"d743c990-4a79-433f-9186-0fe880391eaf","buildEnvironmentVariables":{"GOOGLE_NODE_RUN_SCRIPTS":""},"buildName":"projects/1023645176130/locations/us-central1/builds/d743c990-4a79-433f-9186-0fe880391eaf","dockerRegistry":"ARTIFACT_REGISTRY"},"versionId":"2","updateTime":"2023-08-26T22:40:21Z","buildId":"1132cfd0-f2ff-41d1-8bbf-870aaf479958","buildName":"projects/1023645176130/locations/us-central1/builds/1132cfd0-f2ff-41d1-8bbf-870aaf479958"}}
[debug] [2023-08-26T22:40:48.510Z] [update-default-us-central1-sendPushNotifications] Retrying task index 0
[debug] [2023-08-26T22:40:48.510Z] >>> [apiv2][query] GET https://cloudfunctions.googleapis.com/v1/operations/ZmlyLWF1dGgtYjVmOGEvdXMtY2VudHJhbDEvc2VuZFB1c2hOb3RpZmljYXRpb25zL0wxTm5EbFVUTEJR [none]
[debug] [2023-08-26T22:40:48.725Z] <<< [apiv2][status] GET https://cloudfunctions.googleapis.com/v1/operations/ZmlyLWF1dGgtYjVmOGEvdXMtY2VudHJhbDEvc2VuZFB1c2hOb3RpZmljYXRpb25zL0wxTm5EbFVUTEJR 200
[debug] [2023-08-26T22:40:48.726Z] <<< [apiv2][body] GET https://cloudfunctions.googleapis.com/v1/operations/ZmlyLWF1dGgtYjVmOGEvdXMtY2VudHJhbDEvc2VuZFB1c2hOb3RpZmljYXRpb25zL0wxTm5EbFVUTEJR {"name":"operations/ZmlyLWF1dGgtYjVmOGEvdXMtY2VudHJhbDEvc2VuZFB1c2hOb3RpZmljYXRpb25zL0wxTm5EbFVUTEJR","metadata":{"@type":"type.googleapis.com/google.cloud.functions.v1.OperationMetadataV1","target":"projects/fir-auth-b5f8a/locations/us-central1/functions/sendPushNotifications","type":"UPDATE_FUNCTION","request":{"@type":"type.googleapis.com/google.cloud.functions.v1.CloudFunction","name":"projects/fir-auth-b5f8a/locations/us-central1/functions/sendPushNotifications","eventTrigger":{"eventType":"google.pubsub.topic.publish","resource":"projects/fir-auth-b5f8a/topics/firebase-schedule-sendPushNotifications-us-central1","service":"pubsub.googleapis.com","failurePolicy":{}},"status":"ACTIVE","entryPoint":"sendPushNotifications","updateTime":"2023-08-26T21:29:42.311Z","versionId":"1","labels":{"deployment-tool":"cli-firebase","deployment-scheduled":"true","firebase-functions-hash":"3d4bd8362a581a11b2e35704ba26c4deef72dd6e"},"sourceUploadUrl":"https://storage.googleapis.com/uploads-460983195433.us-central1.cloudfunctions.appspot.com/1045da69-a9f2-42b0-a729-7b7631c0a85b.zip?GoogleAccessId=service-1023645176130@gcf-admin-robot.iam.gserviceaccount.com&Expires=1693091420&Signature=4lT2JHUakyzLE12PwQyVfpGrCqYi11qonj%2BZjmgI58pWoukzLYLJC0vLPp1rIE9E2apCr1sRX99gitSQWwBawJbFhYm8JbR0W6DNLLNzir8eP3O45lfJh5khC2xZsahfvttSU22YCIBCldehUaLFd4eJ3mWq2earOSzs13SraRv%2Fnchk5CNAgQU487Q55Q76TsXPjptByW%2FsVgTX%2BF74yAcGW01WprmyxpCiCWmfnlVuhpKUg91%2BasWt9xVXt04Y7R6dtW4KhLjetKrIXSg%2FSPjVFMF8bjnpAIXGcN3suYJx8Af60basmWaagnHcbHROUyx8o8j3juhB%2BzarK42AgQ%3D%3D","environmentVariables":{"FIREBASE_CONFIG":"{\"projectId\":\"fir-auth-b5f8a\",\"storageBucket\":\"fir-auth-b5f8a.appspot.com\"}","GCLOUD_PROJECT":"fir-auth-b5f8a","EVENTARC_CLOUD_EVENT_SOURCE":"projects/fir-auth-b5f8a/locations/us-central1/functions/sendPushNotifications"},"runtime":"nodejs18","buildId":"d743c990-4a79-433f-9186-0fe880391eaf","buildEnvironmentVariables":{"GOOGLE_NODE_RUN_SCRIPTS":""},"buildName":"projects/1023645176130/locations/us-central1/builds/d743c990-4a79-433f-9186-0fe880391eaf","dockerRegistry":"ARTIFACT_REGISTRY"},"versionId":"2","updateTime":"2023-08-26T22:40:21Z","buildId":"1132cfd0-f2ff-41d1-8bbf-870aaf479958","buildName":"projects/1023645176130/locations/us-central1/builds/1132cfd0-f2ff-41d1-8bbf-870aaf479958"}}
[debug] [2023-08-26T22:40:58.727Z] [update-default-us-central1-sendPushNotifications] Retrying task index 0
[debug] [2023-08-26T22:40:58.728Z] >>> [apiv2][query] GET https://cloudfunctions.googleapis.com/v1/operations/ZmlyLWF1dGgtYjVmOGEvdXMtY2VudHJhbDEvc2VuZFB1c2hOb3RpZmljYXRpb25zL0wxTm5EbFVUTEJR [none]
[debug] [2023-08-26T22:40:59.000Z] <<< [apiv2][status] GET https://cloudfunctions.googleapis.com/v1/operations/ZmlyLWF1dGgtYjVmOGEvdXMtY2VudHJhbDEvc2VuZFB1c2hOb3RpZmljYXRpb25zL0wxTm5EbFVUTEJR 200
[debug] [2023-08-26T22:40:59.000Z] <<< [apiv2][body] GET https://cloudfunctions.googleapis.com/v1/operations/ZmlyLWF1dGgtYjVmOGEvdXMtY2VudHJhbDEvc2VuZFB1c2hOb3RpZmljYXRpb25zL0wxTm5EbFVUTEJR {"name":"operations/ZmlyLWF1dGgtYjVmOGEvdXMtY2VudHJhbDEvc2VuZFB1c2hOb3RpZmljYXRpb25zL0wxTm5EbFVUTEJR","metadata":{"@type":"type.googleapis.com/google.cloud.functions.v1.OperationMetadataV1","target":"projects/fir-auth-b5f8a/locations/us-central1/functions/sendPushNotifications","type":"UPDATE_FUNCTION","request":{"@type":"type.googleapis.com/google.cloud.functions.v1.CloudFunction","name":"projects/fir-auth-b5f8a/locations/us-central1/functions/sendPushNotifications","eventTrigger":{"eventType":"google.pubsub.topic.publish","resource":"projects/fir-auth-b5f8a/topics/firebase-schedule-sendPushNotifications-us-central1","service":"pubsub.googleapis.com","failurePolicy":{}},"status":"ACTIVE","entryPoint":"sendPushNotifications","updateTime":"2023-08-26T21:29:42.311Z","versionId":"1","labels":{"deployment-tool":"cli-firebase","deployment-scheduled":"true","firebase-functions-hash":"3d4bd8362a581a11b2e35704ba26c4deef72dd6e"},"sourceUploadUrl":"https://storage.googleapis.com/uploads-460983195433.us-central1.cloudfunctions.appspot.com/1045da69-a9f2-42b0-a729-7b7631c0a85b.zip?GoogleAccessId=service-1023645176130@gcf-admin-robot.iam.gserviceaccount.com&Expires=1693091420&Signature=4lT2JHUakyzLE12PwQyVfpGrCqYi11qonj%2BZjmgI58pWoukzLYLJC0vLPp1rIE9E2apCr1sRX99gitSQWwBawJbFhYm8JbR0W6DNLLNzir8eP3O45lfJh5khC2xZsahfvttSU22YCIBCldehUaLFd4eJ3mWq2earOSzs13SraRv%2Fnchk5CNAgQU487Q55Q76TsXPjptByW%2FsVgTX%2BF74yAcGW01WprmyxpCiCWmfnlVuhpKUg91%2BasWt9xVXt04Y7R6dtW4KhLjetKrIXSg%2FSPjVFMF8bjnpAIXGcN3suYJx8Af60basmWaagnHcbHROUyx8o8j3juhB%2BzarK42AgQ%3D%3D","environmentVariables":{"FIREBASE_CONFIG":"{\"projectId\":\"fir-auth-b5f8a\",\"storageBucket\":\"fir-auth-b5f8a.appspot.com\"}","GCLOUD_PROJECT":"fir-auth-b5f8a","EVENTARC_CLOUD_EVENT_SOURCE":"projects/fir-auth-b5f8a/locations/us-central1/functions/sendPushNotifications"},"runtime":"nodejs18","buildId":"d743c990-4a79-433f-9186-0fe880391eaf","buildEnvironmentVariables":{"GOOGLE_NODE_RUN_SCRIPTS":""},"buildName":"projects/1023645176130/locations/us-central1/builds/d743c990-4a79-433f-9186-0fe880391eaf","dockerRegistry":"ARTIFACT_REGISTRY"},"versionId":"2","updateTime":"2023-08-26T22:40:21Z","buildId":"1132cfd0-f2ff-41d1-8bbf-870aaf479958","buildName":"projects/1023645176130/locations/us-central1/builds/1132cfd0-f2ff-41d1-8bbf-870aaf479958"}}
[debug] [2023-08-26T22:41:09.002Z] [update-default-us-central1-sendPushNotifications] Retrying task index 0
[debug] [2023-08-26T22:41:09.003Z] >>> [apiv2][query] GET https://cloudfunctions.googleapis.com/v1/operations/ZmlyLWF1dGgtYjVmOGEvdXMtY2VudHJhbDEvc2VuZFB1c2hOb3RpZmljYXRpb25zL0wxTm5EbFVUTEJR [none]
[debug] [2023-08-26T22:41:09.198Z] <<< [apiv2][status] GET https://cloudfunctions.googleapis.com/v1/operations/ZmlyLWF1dGgtYjVmOGEvdXMtY2VudHJhbDEvc2VuZFB1c2hOb3RpZmljYXRpb25zL0wxTm5EbFVUTEJR 200
[debug] [2023-08-26T22:41:09.198Z] <<< [apiv2][body] GET https://cloudfunctions.googleapis.com/v1/operations/ZmlyLWF1dGgtYjVmOGEvdXMtY2VudHJhbDEvc2VuZFB1c2hOb3RpZmljYXRpb25zL0wxTm5EbFVUTEJR {"name":"operations/ZmlyLWF1dGgtYjVmOGEvdXMtY2VudHJhbDEvc2VuZFB1c2hOb3RpZmljYXRpb25zL0wxTm5EbFVUTEJR","metadata":{"@type":"type.googleapis.com/google.cloud.functions.v1.OperationMetadataV1","target":"projects/fir-auth-b5f8a/locations/us-central1/functions/sendPushNotifications","type":"UPDATE_FUNCTION","request":{"@type":"type.googleapis.com/google.cloud.functions.v1.CloudFunction","name":"projects/fir-auth-b5f8a/locations/us-central1/functions/sendPushNotifications","eventTrigger":{"eventType":"google.pubsub.topic.publish","resource":"projects/fir-auth-b5f8a/topics/firebase-schedule-sendPushNotifications-us-central1","service":"pubsub.googleapis.com","failurePolicy":{}},"status":"ACTIVE","entryPoint":"sendPushNotifications","updateTime":"2023-08-26T21:29:42.311Z","versionId":"1","labels":{"deployment-tool":"cli-firebase","deployment-scheduled":"true","firebase-functions-hash":"3d4bd8362a581a11b2e35704ba26c4deef72dd6e"},"sourceUploadUrl":"https://storage.googleapis.com/uploads-460983195433.us-central1.cloudfunctions.appspot.com/1045da69-a9f2-42b0-a729-7b7631c0a85b.zip?GoogleAccessId=service-1023645176130@gcf-admin-robot.iam.gserviceaccount.com&Expires=1693091420&Signature=4lT2JHUakyzLE12PwQyVfpGrCqYi11qonj%2BZjmgI58pWoukzLYLJC0vLPp1rIE9E2apCr1sRX99gitSQWwBawJbFhYm8JbR0W6DNLLNzir8eP3O45lfJh5khC2xZsahfvttSU22YCIBCldehUaLFd4eJ3mWq2earOSzs13SraRv%2Fnchk5CNAgQU487Q55Q76TsXPjptByW%2FsVgTX%2BF74yAcGW01WprmyxpCiCWmfnlVuhpKUg91%2BasWt9xVXt04Y7R6dtW4KhLjetKrIXSg%2FSPjVFMF8bjnpAIXGcN3suYJx8Af60basmWaagnHcbHROUyx8o8j3juhB%2BzarK42AgQ%3D%3D","environmentVariables":{"FIREBASE_CONFIG":"{\"projectId\":\"fir-auth-b5f8a\",\"storageBucket\":\"fir-auth-b5f8a.appspot.com\"}","GCLOUD_PROJECT":"fir-auth-b5f8a","EVENTARC_CLOUD_EVENT_SOURCE":"projects/fir-auth-b5f8a/locations/us-central1/functions/sendPushNotifications"},"runtime":"nodejs18","buildId":"d743c990-4a79-433f-9186-0fe880391eaf","buildEnvironmentVariables":{"GOOGLE_NODE_RUN_SCRIPTS":""},"buildName":"projects/1023645176130/locations/us-central1/builds/d743c990-4a79-433f-9186-0fe880391eaf","dockerRegistry":"ARTIFACT_REGISTRY"},"versionId":"2","updateTime":"2023-08-26T22:40:21Z","buildId":"1132cfd0-f2ff-41d1-8bbf-870aaf479958","sourceToken":"9cab9505-37cb-4d6a-b8de-293b93763620","buildName":"projects/1023645176130/locations/us-central1/builds/1132cfd0-f2ff-41d1-8bbf-870aaf479958"}}
[debug] [2023-08-26T22:41:09.198Z] Got source token 9cab9505-37cb-4d6a-b8de-293b93763620 for region us-central1
[debug] [2023-08-26T22:41:19.200Z] [update-default-us-central1-sendPushNotifications] Retrying task index 0
[debug] [2023-08-26T22:41:19.200Z] >>> [apiv2][query] GET https://cloudfunctions.googleapis.com/v1/operations/ZmlyLWF1dGgtYjVmOGEvdXMtY2VudHJhbDEvc2VuZFB1c2hOb3RpZmljYXRpb25zL0wxTm5EbFVUTEJR [none]
[debug] [2023-08-26T22:41:19.401Z] <<< [apiv2][status] GET https://cloudfunctions.googleapis.com/v1/operations/ZmlyLWF1dGgtYjVmOGEvdXMtY2VudHJhbDEvc2VuZFB1c2hOb3RpZmljYXRpb25zL0wxTm5EbFVUTEJR 200
[debug] [2023-08-26T22:41:19.401Z] <<< [apiv2][body] GET https://cloudfunctions.googleapis.com/v1/operations/ZmlyLWF1dGgtYjVmOGEvdXMtY2VudHJhbDEvc2VuZFB1c2hOb3RpZmljYXRpb25zL0wxTm5EbFVUTEJR {"name":"operations/ZmlyLWF1dGgtYjVmOGEvdXMtY2VudHJhbDEvc2VuZFB1c2hOb3RpZmljYXRpb25zL0wxTm5EbFVUTEJR","metadata":{"@type":"type.googleapis.com/google.cloud.functions.v1.OperationMetadataV1","target":"projects/fir-auth-b5f8a/locations/us-central1/functions/sendPushNotifications","type":"UPDATE_FUNCTION","request":{"@type":"type.googleapis.com/google.cloud.functions.v1.CloudFunction","name":"projects/fir-auth-b5f8a/locations/us-central1/functions/sendPushNotifications","eventTrigger":{"eventType":"google.pubsub.topic.publish","resource":"projects/fir-auth-b5f8a/topics/firebase-schedule-sendPushNotifications-us-central1","service":"pubsub.googleapis.com","failurePolicy":{}},"status":"ACTIVE","entryPoint":"sendPushNotifications","updateTime":"2023-08-26T21:29:42.311Z","versionId":"1","labels":{"deployment-tool":"cli-firebase","deployment-scheduled":"true","firebase-functions-hash":"3d4bd8362a581a11b2e35704ba26c4deef72dd6e"},"sourceUploadUrl":"https://storage.googleapis.com/uploads-460983195433.us-central1.cloudfunctions.appspot.com/1045da69-a9f2-42b0-a729-7b7631c0a85b.zip?GoogleAccessId=service-1023645176130@gcf-admin-robot.iam.gserviceaccount.com&Expires=1693091420&Signature=4lT2JHUakyzLE12PwQyVfpGrCqYi11qonj%2BZjmgI58pWoukzLYLJC0vLPp1rIE9E2apCr1sRX99gitSQWwBawJbFhYm8JbR0W6DNLLNzir8eP3O45lfJh5khC2xZsahfvttSU22YCIBCldehUaLFd4eJ3mWq2earOSzs13SraRv%2Fnchk5CNAgQU487Q55Q76TsXPjptByW%2FsVgTX%2BF74yAcGW01WprmyxpCiCWmfnlVuhpKUg91%2BasWt9xVXt04Y7R6dtW4KhLjetKrIXSg%2FSPjVFMF8bjnpAIXGcN3suYJx8Af60basmWaagnHcbHROUyx8o8j3juhB%2BzarK42AgQ%3D%3D","environmentVariables":{"FIREBASE_CONFIG":"{\"projectId\":\"fir-auth-b5f8a\",\"storageBucket\":\"fir-auth-b5f8a.appspot.com\"}","GCLOUD_PROJECT":"fir-auth-b5f8a","EVENTARC_CLOUD_EVENT_SOURCE":"projects/fir-auth-b5f8a/locations/us-central1/functions/sendPushNotifications"},"runtime":"nodejs18","buildId":"d743c990-4a79-433f-9186-0fe880391eaf","buildEnvironmentVariables":{"GOOGLE_NODE_RUN_SCRIPTS":""},"buildName":"projects/1023645176130/locations/us-central1/builds/d743c990-4a79-433f-9186-0fe880391eaf","dockerRegistry":"ARTIFACT_REGISTRY"},"versionId":"2","updateTime":"2023-08-26T22:41:14Z","buildId":"1132cfd0-f2ff-41d1-8bbf-870aaf479958","sourceToken":"9cab9505-37cb-4d6a-b8de-293b93763620","buildName":"projects/1023645176130/locations/us-central1/builds/1132cfd0-f2ff-41d1-8bbf-870aaf479958"},"done":true,"response":{"@type":"type.googleapis.com/google.cloud.functions.v1.CloudFunction","name":"projects/fir-auth-b5f8a/locations/us-central1/functions/sendPushNotifications","eventTrigger":{"eventType":"google.pubsub.topic.publish","resource":"projects/fir-auth-b5f8a/topics/firebase-schedule-sendPushNotifications-us-central1","service":"pubsub.googleapis.com","failurePolicy":{}},"status":"ACTIVE","entryPoint":"sendPushNotifications","timeout":"60s","availableMemoryMb":256,"serviceAccountEmail":"fir-auth-b5f8a@appspot.gserviceaccount.com","updateTime":"2023-08-26T22:41:14.598Z","versionId":"2","labels":{"deployment-tool":"cli-firebase","deployment-scheduled":"true","firebase-functions-hash":"3d4bd8362a581a11b2e35704ba26c4deef72dd6e"},"sourceUploadUrl":"https://storage.googleapis.com/uploads-460983195433.us-central1.cloudfunctions.appspot.com/1045da69-a9f2-42b0-a729-7b7631c0a85b.zip","environmentVariables":{"FIREBASE_CONFIG":"{\"projectId\":\"fir-auth-b5f8a\",\"storageBucket\":\"fir-auth-b5f8a.appspot.com\"}","GCLOUD_PROJECT":"fir-auth-b5f8a","EVENTARC_CLOUD_EVENT_SOURCE":"projects/fir-auth-b5f8a/locations/us-central1/functions/sendPushNotifications"},"runtime":"nodejs18","maxInstances":3000,"ingressSettings":"ALLOW_ALL","buildId":"1132cfd0-f2ff-41d1-8bbf-870aaf479958","buildEnvironmentVariables":{"GOOGLE_NODE_RUN_SCRIPTS":""},"buildName":"projects/1023645176130/locations/us-central1/builds/1132cfd0-f2ff-41d1-8bbf-870aaf479958","dockerRegistry":"ARTIFACT_REGISTRY"}}
[debug] [2023-08-26T22:41:19.401Z] Got source token 9cab9505-37cb-4d6a-b8de-293b93763620 for region us-central1
[debug] [2023-08-26T22:41:19.403Z] >>> [apiv2][query] GET https://cloudscheduler.googleapis.com/v1/projects/fir-auth-b5f8a/locations/us-central1/jobs/firebase-schedule-sendPushNotifications-us-central1 [none]
[debug] [2023-08-26T22:41:19.647Z] <<< [apiv2][status] GET https://cloudscheduler.googleapis.com/v1/projects/fir-auth-b5f8a/locations/us-central1/jobs/firebase-schedule-sendPushNotifications-us-central1 200
[debug] [2023-08-26T22:41:19.647Z] <<< [apiv2][body] GET https://cloudscheduler.googleapis.com/v1/projects/fir-auth-b5f8a/locations/us-central1/jobs/firebase-schedule-sendPushNotifications-us-central1 {"name":"projects/fir-auth-b5f8a/locations/us-central1/jobs/firebase-schedule-sendPushNotifications-us-central1","pubsubTarget":{"topicName":"projects/fir-auth-b5f8a/topics/firebase-schedule-sendPushNotifications-us-central1","attributes":{"scheduled":"true"}},"userUpdateTime":"2023-08-26T21:29:47Z","state":"ENABLED","status":{},"scheduleTime":"2023-08-26T22:45:00.036832Z","lastAttemptTime":"2023-08-26T22:40:00.992809Z","retryConfig":{"maxRetryDuration":"0s","minBackoffDuration":"5s","maxBackoffDuration":"3600s","maxDoublings":5},"schedule":"every 5 minutes","timeZone":"America/Los_Angeles"}
[debug] [2023-08-26T22:41:19.648Z] >>> [apiv2][query] PATCH https://cloudscheduler.googleapis.com/v1/projects/fir-auth-b5f8a/locations/us-central1/jobs/firebase-schedule-sendPushNotifications-us-central1 updateMask=name%2CtimeZone%2CpubsubTarget%2Cschedule%2CretryConfig.maxDoublings%2CretryConfig.retryCount%2CretryConfig.maxBackoffDuration%2CretryConfig.minBackoffDuration%2CretryConfig.maxRetryDuration
[debug] [2023-08-26T22:41:19.648Z] >>> [apiv2][body] PATCH https://cloudscheduler.googleapis.com/v1/projects/fir-auth-b5f8a/locations/us-central1/jobs/firebase-schedule-sendPushNotifications-us-central1 {"timeZone":"America/Los_Angeles","name":"projects/fir-auth-b5f8a/locations/us-central1/jobs/firebase-schedule-sendPushNotifications-us-central1","pubsubTarget":{"topicName":"projects/fir-auth-b5f8a/topics/firebase-schedule-sendPushNotifications-us-central1","attributes":{"scheduled":"true"}},"schedule":"every 1 month","retryConfig":{"maxDoublings":null,"retryCount":null,"maxBackoffDuration":null,"minBackoffDuration":null,"maxRetryDuration":null}}
[debug] [2023-08-26T22:41:19.867Z] <<< [apiv2][status] PATCH https://cloudscheduler.googleapis.com/v1/projects/fir-auth-b5f8a/locations/us-central1/jobs/firebase-schedule-sendPushNotifications-us-central1 400
[debug] [2023-08-26T22:41:19.867Z] <<< [apiv2][body] PATCH https://cloudscheduler.googleapis.com/v1/projects/fir-auth-b5f8a/locations/us-central1/jobs/firebase-schedule-sendPushNotifications-us-central1 {"error":{"code":400,"message":"Schedule or time zone is invalid.","status":"INVALID_ARGUMENT"}}
[error] HTTP Error: 400, Schedule or time zone is invalid.
[debug] [2023-08-26T22:41:19.880Z] Total Function Deployment time: 58909
[debug] [2023-08-26T22:41:19.880Z] 1 Functions Deployed
[debug] [2023-08-26T22:41:19.880Z] 1 Functions Errored
[debug] [2023-08-26T22:41:19.880Z] 0 Function Deployments Aborted
[debug] [2023-08-26T22:41:19.880Z] Average Function Deployment time: 58909
[info] 
[info] Functions deploy had errors with the following functions:
	sendPushNotifications(us-central1)
[info] i  functions: cleaning up build files... 
[debug] [2023-08-26T22:41:20.001Z] >>> [apiv2][query] DELETE https://artifactregistry.googleapis.com/v1beta2/projects/fir-auth-b5f8a/locations/us-central1/repositories/gcf-artifacts/packages/send_push_notifications [none]
[debug] [2023-08-26T22:41:20.003Z] >>> [apiv2][query] GET https://us.gcr.io/v2/fir-auth-b5f8a/gcf/us-central1/tags/list [none]
[debug] [2023-08-26T22:41:20.250Z] <<< [apiv2][status] GET https://us.gcr.io/v2/fir-auth-b5f8a/gcf/us-central1/tags/list 200
[debug] [2023-08-26T22:41:20.250Z] <<< [apiv2][body] GET https://us.gcr.io/v2/fir-auth-b5f8a/gcf/us-central1/tags/list {"child":[],"manifest":{},"name":"fir-auth-b5f8a/gcf/us-central1","tags":[]}
[debug] [2023-08-26T22:41:20.251Z] Could not find image for function projects/fir-auth-b5f8a/locations/us-central1/functions/sendPushNotifications
[debug] [2023-08-26T22:41:20.370Z] <<< [apiv2][status] DELETE https://artifactregistry.googleapis.com/v1beta2/projects/fir-auth-b5f8a/locations/us-central1/repositories/gcf-artifacts/packages/send_push_notifications 200
[debug] [2023-08-26T22:41:20.370Z] <<< [apiv2][body] DELETE https://artifactregistry.googleapis.com/v1beta2/projects/fir-auth-b5f8a/locations/us-central1/repositories/gcf-artifacts/packages/send_push_notifications {"name":"projects/fir-auth-b5f8a/locations/us-central1/operations/94149ab1-6d9b-4e8a-a2ac-3fb89be264bb","metadata":{"@type":"type.googleapis.com/google.devtools.artifactregistry.v1beta2.OperationMetadata"}}
[debug] [2023-08-26T22:41:20.370Z] >>> [apiv2][query] GET https://artifactregistry.googleapis.com/v1beta2/projects/fir-auth-b5f8a/locations/us-central1/operations/94149ab1-6d9b-4e8a-a2ac-3fb89be264bb [none]
[debug] [2023-08-26T22:41:20.675Z] <<< [apiv2][status] GET https://artifactregistry.googleapis.com/v1beta2/projects/fir-auth-b5f8a/locations/us-central1/operations/94149ab1-6d9b-4e8a-a2ac-3fb89be264bb 200
[debug] [2023-08-26T22:41:20.675Z] <<< [apiv2][body] GET https://artifactregistry.googleapis.com/v1beta2/projects/fir-auth-b5f8a/locations/us-central1/operations/94149ab1-6d9b-4e8a-a2ac-3fb89be264bb {"name":"projects/fir-auth-b5f8a/locations/us-central1/operations/94149ab1-6d9b-4e8a-a2ac-3fb89be264bb","metadata":{"@type":"type.googleapis.com/google.devtools.artifactregistry.v1beta2.OperationMetadata"},"done":true,"response":{"@type":"type.googleapis.com/google.protobuf.Empty"}}
[debug] [2023-08-26T22:41:20.676Z] Functions deploy failed.
[debug] [2023-08-26T22:41:20.676Z] {
  "endpoint": {
    "id": "sendPushNotifications",
    "project": "fir-auth-b5f8a",
    "region": "us-central1",
    "entryPoint": "sendPushNotifications",
    "platform": "gcfv1",
    "runtime": "nodejs18",
    "scheduleTrigger": {
      "schedule": "every 1 month",
      "timeZone": null,
      "retryConfig": {
        "maxBackoffSeconds": null,
        "minBackoffSeconds": null,
        "maxRetrySeconds": null,
        "retryCount": null,
        "maxDoublings": null
      }
    },
    "labels": {
      "deployment-tool": "cli-firebase"
    },
    "serviceAccount": null,
    "ingressSettings": null,
    "availableMemoryMb": null,
    "timeoutSeconds": null,
    "maxInstances": null,
    "minInstances": null,
    "vpc": null,
    "environmentVariables": {
      "FIREBASE_CONFIG": "{\"projectId\":\"fir-auth-b5f8a\",\"storageBucket\":\"fir-auth-b5f8a.appspot.com\"}",
      "GCLOUD_PROJECT": "fir-auth-b5f8a",
      "EVENTARC_CLOUD_EVENT_SOURCE": "projects/fir-auth-b5f8a/locations/us-central1/functions/sendPushNotifications"
    },
    "codebase": "default",
    "securityLevel": "SECURE_ALWAYS",
    "targetedByOnly": false,
    "hash": "3d4bd8362a581a11b2e35704ba26c4deef72dd6e"
  },
  "op": "upsert schedule",
  "original": {
    "name": "FirebaseError",
    "children": [],
    "context": {
      "body": {
        "error": {
          "code": 400,
          "message": "Schedule or time zone is invalid.",
          "status": "INVALID_ARGUMENT"
        }
      },
      "response": {
        "statusCode": 400
      }
    },
    "exit": 1,
    "message": "HTTP Error: 400, Schedule or time zone is invalid.",
    "status": 400,
    "code": 400
  }
}
[debug] [2023-08-26T22:41:20.790Z] Error: Failed to upsert schedule function sendPushNotifications in region us-central1
    at /usr/local/lib/node_modules/firebase-tools/lib/deploy/functions/release/fabricator.js:51:11
    at process.processTicksAndRejections (node:internal/process/task_queues:95:5)
    at async Fabricator.upsertScheduleV1 (/usr/local/lib/node_modules/firebase-tools/lib/deploy/functions/release/fabricator.js:496:9)
    at async Fabricator.setTrigger (/usr/local/lib/node_modules/firebase-tools/lib/deploy/functions/release/fabricator.js:459:17)
    at async Fabricator.updateEndpoint (/usr/local/lib/node_modules/firebase-tools/lib/deploy/functions/release/fabricator.js:158:9)
    at async handle (/usr/local/lib/node_modules/firebase-tools/lib/deploy/functions/release/fabricator.js:88:17)
[error] 
[error] Error: There was an error deploying functions
